#
# A fatal error has been detected by the Java Runtime Environment:
#
#  EXCEPTION_ACCESS_VIOLATION (0xc0000005) at pc=0x0000000054a59535, pid=9656, tid=12316
#
# JRE version: Java(TM) SE Runtime Environment (8.0_20-b26) (build 1.8.0_20-b26)
# Java VM: Java HotSpot(TM) 64-Bit Server VM (25.20-b23 mixed mode windows-amd64 compressed oops)
# Problematic frame:
# V  [jvm.dll+0x119535]
#
# Failed to write core dump. Minidumps are not enabled by default on client versions of Windows
#
# If you would like to submit a bug report, please visit:
#   http://bugreport.sun.com/bugreport/crash.jsp
#

---------------  T H R E A D  ---------------

Current thread (0x000000001d904000):  JavaThread "JDWP Transport Listener: dt_socket" daemon [_thread_in_vm, id=12316, stack(0x000000001f2a0000,0x000000001f3a0000)]

siginfo: ExceptionCode=0xc0000005, reading address 0xffffffffffffffff

Registers:
RAX=0x000000001f39f101, RBX=0x000000001d904000, RCX=0x4c003b00003b7200, RDX=0x0000000000000000
RSP=0x000000001f39f0b0, RBP=0x4c003b00003b7200, RSI=0x000000001f39f1c8, RDI=0x00000000022b8cf0
R8 =0x000000001d904000, R9 =0x0000302f00350004, R10=0x0000000000000000, R11=0x000000001f39f3f8
R12=0x0000000000000000, R13=0x000000001d904be8, R14=0x0000000000000000, R15=0x0000000000000000
RIP=0x0000000054a59535, EFLAGS=0x0000000000010206

Top of Stack: (sp=0x000000001f39f0b0)
0x000000001f39f0b0:   000000001d904000 000000001d904000
0x000000001f39f0c0:   000000001f39f178 0000000054c5655b
0x000000001f39f0d0:   000000001d904000 0000000054c72dbd
0x000000001f39f0e0:   0000000000000000 0000000063d69149
0x000000001f39f0f0:   00000000206e3d70 0000000063d72912
0x000000001f39f100:   000000001d904000 0000000000000000
0x000000001f39f110:   0000000000000000 0000000000000000
0x000000001f39f120:   4c003b00003b7200 0000000063d71a09
0x000000001f39f130:   000000001f39f1c8 000000001f39f1a0
0x000000001f39f140:   0000000000000001 00000000206e3d70
0x000000001f39f150:   4c003b00003b7200 0000000063d553b3
0x000000001f39f160:   000000001f39f290 0000000000000001
0x000000001f39f170:   0000000000000001 00000000206e3d70
0x000000001f39f180:   0000000000000002 0000000000000000
0x000000001f39f190:   0000000000000000 0000000000000000
0x000000001f39f1a0:   0000000000000001 0000000063d55571 

Instructions: (pc=0x0000000054a59535)
0x0000000054a59515:   cc cc cc cc cc cc cc cc cc cc cc 48 83 ec 28 48
0x0000000054a59525:   85 c9 75 07 33 c0 48 83 c4 28 c3 48 89 5c 24 20
0x0000000054a59535:   48 8b 19 48 85 db 74 20 48 83 fb 37 74 1a 48 8b
0x0000000054a59545:   13 48 8b cb ff 52 10 84 c0 74 0d 48 8b c3 48 8b 


Register to memory mapping:

RAX=0x000000001f39f101 is pointing into the stack for thread: 0x000000001d904000
RBX=0x000000001d904000 is a thread
RCX=0x4c003b00003b7200 is an unknown value
RDX=0x0000000000000000 is an unknown value
RSP=0x000000001f39f0b0 is pointing into the stack for thread: 0x000000001d904000
RBP=0x4c003b00003b7200 is an unknown value
RSI=0x000000001f39f1c8 is pointing into the stack for thread: 0x000000001d904000
RDI=0x00000000022b8cf0 is an unknown value
R8 =0x000000001d904000 is a thread
R9 =0x0000302f00350004 is an unknown value
R10=0x0000000000000000 is an unknown value
R11=0x000000001f39f3f8 is pointing into the stack for thread: 0x000000001d904000
R12=0x0000000000000000 is an unknown value
R13=0x000000001d904be8 is an unknown value
R14=0x0000000000000000 is an unknown value
R15=0x0000000000000000 is an unknown value


Stack: [0x000000001f2a0000,0x000000001f3a0000],  sp=0x000000001f39f0b0,  free space=1020k
Native frames: (J=compiled Java code, j=interpreted, Vv=VM code, C=native code)
V  [jvm.dll+0x119535]
V  [jvm.dll+0x332dbd]
C  [jdwp.dll+0x21a09]
C  [jdwp.dll+0x53b3]
C  [jdwp.dll+0x5571]
C  [jdwp.dll+0xf09c]
C  [jdwp.dll+0x1f2c9]
C  [jdwp.dll+0x1f49e]
V  [jvm.dll+0x1aaa18]
V  [jvm.dll+0x22aac4]
V  [jvm.dll+0x283f5a]
C  [msvcr100.dll+0x21d9f]
C  [msvcr100.dll+0x21e3b]
C  [kernel32.dll+0x159ed]
C  [ntdll.dll+0x2c541]


---------------  P R O C E S S  ---------------

Java Threads: ( => current thread )
  0x000000002085c800 JavaThread "D3D Screen Updater" daemon [_thread_blocked, id=12344, stack(0x00000000315d0000,0x00000000316d0000)]
  0x000000000216a000 JavaThread "DestroyJavaVM" [_thread_blocked, id=14040, stack(0x0000000002570000,0x0000000002670000)]
  0x000000002f3db000 JavaThread "Timer-0" [_thread_blocked, id=5520, stack(0x0000000031480000,0x0000000031580000)]
  0x0000000020219000 JavaThread "main-SharedResourceRunner" daemon [_thread_blocked, id=3644, stack(0x000000002cfa0000,0x000000002d0a0000)]
  0x00000000201fd000 JavaThread "AWT-EventQueue-0" [_thread_blocked, id=3368, stack(0x0000000022b30000,0x0000000022c30000)]
  0x0000000020699800 JavaThread "AWT-Windows" daemon [_thread_in_native, id=7080, stack(0x0000000020e50000,0x0000000020f50000)]
  0x0000000020697000 JavaThread "AWT-Shutdown" [_thread_blocked, id=14232, stack(0x000000001f9e0000,0x000000001fae0000)]
  0x0000000020695800 JavaThread "Java2D Disposer" daemon [_thread_blocked, id=14932, stack(0x0000000020c10000,0x0000000020d10000)]
  0x000000001d9a3000 JavaThread "Service Thread" daemon [_thread_blocked, id=4416, stack(0x000000001fd90000,0x000000001fe90000)]
  0x000000001d92f800 JavaThread "C1 CompilerThread3" daemon [_thread_blocked, id=9484, stack(0x000000001fc80000,0x000000001fd80000)]
  0x000000001d92d800 JavaThread "C2 CompilerThread2" daemon [_thread_blocked, id=12092, stack(0x000000001fb20000,0x000000001fc20000)]
  0x000000001d927000 JavaThread "C2 CompilerThread1" daemon [_thread_blocked, id=8092, stack(0x000000001f870000,0x000000001f970000)]
  0x000000001d91e800 JavaThread "C2 CompilerThread0" daemon [_thread_blocked, id=9344, stack(0x000000001f490000,0x000000001f590000)]
  0x000000001d91d800 JavaThread "JDWP Command Reader" daemon [_thread_in_native, id=4992, stack(0x000000001f730000,0x000000001f830000)]
  0x000000001d912000 JavaThread "JDWP Event Helper Thread" daemon [_thread_blocked, id=12060, stack(0x000000001f630000,0x000000001f730000)]
=>0x000000001d904000 JavaThread "JDWP Transport Listener: dt_socket" daemon [_thread_in_vm, id=12316, stack(0x000000001f2a0000,0x000000001f3a0000)]
  0x000000001d8f7000 JavaThread "Attach Listener" daemon [_thread_blocked, id=13088, stack(0x000000001ee60000,0x000000001ef60000)]
  0x000000001d8f6000 JavaThread "Signal Dispatcher" daemon [_thread_blocked, id=14164, stack(0x000000001e8b0000,0x000000001e9b0000)]
  0x000000001c83a800 JavaThread "Finalizer" daemon [_thread_blocked, id=13020, stack(0x000000001ed10000,0x000000001ee10000)]
  0x000000001c834800 JavaThread "Reference Handler" daemon [_thread_blocked, id=6312, stack(0x000000001ebd0000,0x000000001ecd0000)]

Other Threads:
  0x000000001c82f800 VMThread [stack: 0x000000001e9e0000,0x000000001eae0000] [id=7012]
  0x000000001d9ac000 WatcherThread [stack: 0x000000001ff60000,0x0000000020060000] [id=11108]

VM state:not at safepoint (normal execution)

VM Mutex/Monitor currently owned by a thread: None

Heap:
 PSYoungGen      total 76288K, used 62041K [0x000000076ac00000, 0x0000000770100000, 0x00000007c0000000)
  eden space 65536K, 94% used [0x000000076ac00000,0x000000076e896490,0x000000076ec00000)
  from space 10752K, 0% used [0x000000076f680000,0x000000076f680000,0x0000000770100000)
  to   space 10752K, 0% used [0x000000076ec00000,0x000000076ec00000,0x000000076f680000)
 ParOldGen       total 175104K, used 0K [0x00000006c0400000, 0x00000006caf00000, 0x000000076ac00000)
  object space 175104K, 0% used [0x00000006c0400000,0x00000006c0400000,0x00000006caf00000)
 Metaspace       used 15726K, capacity 15936K, committed 16256K, reserved 1064960K
  class space    used 1594K, capacity 1644K, committed 1664K, reserved 1048576K

Card table byte_map: [0x0000000011d00000,0x0000000012500000] byte_map_base: 0x000000000e6fe000

Marking Bits: (ParMarkBitMap*) 0x000000005511b460
 Begin Bits: [0x0000000013670000, 0x0000000017660000)
 End Bits:   [0x0000000017660000, 0x000000001b650000)

Polling page: 0x0000000000120000

CodeCache: size=245760Kb used=4869Kb max_used=4889Kb free=240891Kb
 bounds [0x0000000002940000, 0x0000000002e20000, 0x0000000011940000]
 total_blobs=2055 nmethods=1276 adapters=701
 compilation: enabled

Compilation events (10 events):
Event: 32.199 Thread 0x000000001d91e800 1272   !   4       sun.awt.PostEventQueue::flush (168 bytes)
Event: 32.327 Thread 0x000000001d91e800 nmethod 1272 0x0000000002df0350 code [0x0000000002df0980, 0x0000000002df7cd0]
Event: 34.301 Thread 0x000000001d927000 1273       4       java.util.LinkedList$ListItr::<init> (47 bytes)
Event: 34.304 Thread 0x000000001d927000 nmethod 1273 0x0000000002dd4d50 code [0x0000000002dd4ea0, 0x0000000002dd5138]
Event: 34.706 Thread 0x000000001d92d800 1274       4       simple.Simple$AnimationTask::run (139 bytes)
Event: 34.791 Thread 0x000000001d92d800 nmethod 1274 0x0000000002e03f10 code [0x0000000002e04520, 0x0000000002e08f18]
Event: 35.966 Thread 0x000000001d92f800 1275       3       java.awt.Rectangle::reshape (22 bytes)
Event: 35.966 Thread 0x000000001d92f800 nmethod 1275 0x0000000002dd8010 code [0x0000000002dd8160, 0x0000000002dd82d0]
Event: 37.037 Thread 0x000000001d91e800 1276       4       com.jogamp.nativewindow.awt.JAWTWindow::getGraphicsConfiguration (8 bytes)
Event: 37.037 Thread 0x000000001d91e800 nmethod 1276 0x0000000002dd7d50 code [0x0000000002dd7e80, 0x0000000002dd7f38]

GC Heap History (0 events):
No events

Deoptimization events (3 events):
Event: 1.356 Thread 0x000000000216a000 Uncommon trap: reason=unreached action=reinterpret pc=0x0000000002be9170 method=java.lang.reflect.AccessibleObject.setAccessible0(Ljava/lang/reflect/AccessibleObject;Z)V @ 4
Event: 1.371 Thread 0x000000000216a000 Uncommon trap: reason=unreached action=reinterpret pc=0x0000000002b7e1cc method=java.lang.AbstractStringBuilder.append(Ljava/lang/String;)Ljava/lang/AbstractStringBuilder; @ 1
Event: 1.371 Thread 0x000000000216a000 Uncommon trap: reason=unreached action=reinterpret pc=0x0000000002b75e28 method=java.lang.AbstractStringBuilder.append(Ljava/lang/String;)Ljava/lang/AbstractStringBuilder; @ 1

Internal exceptions (10 events):
Event: 1.498 Thread 0x000000002f3db000 Exception <a 'java/security/PrivilegedActionException'> (0x000000076d33ee40) thrown at [D:\re\workspace\8-2-build-windows-amd64-cygwin\jdk8u20\1074\hotspot\src\share\vm\prims\jvm.cpp, line 1275]
Event: 1.498 Thread 0x000000002f3db000 Exception <a 'java/security/PrivilegedActionException'> (0x000000076d3442f0) thrown at [D:\re\workspace\8-2-build-windows-amd64-cygwin\jdk8u20\1074\hotspot\src\share\vm\prims\jvm.cpp, line 1275]
Event: 1.498 Thread 0x00000000201fd000 Exception <a 'java/security/PrivilegedActionException'> (0x000000076d4ba4b8) thrown at [D:\re\workspace\8-2-build-windows-amd64-cygwin\jdk8u20\1074\hotspot\src\share\vm\prims\jvm.cpp, line 1275]
Event: 1.499 Thread 0x00000000201fd000 Exception <a 'java/security/PrivilegedActionException'> (0x000000076d4bc650) thrown at [D:\re\workspace\8-2-build-windows-amd64-cygwin\jdk8u20\1074\hotspot\src\share\vm\prims\jvm.cpp, line 1275]
Event: 1.500 Thread 0x00000000201fd000 Exception <a 'java/security/PrivilegedActionException'> (0x000000076d4c0060) thrown at [D:\re\workspace\8-2-build-windows-amd64-cygwin\jdk8u20\1074\hotspot\src\share\vm\prims\jvm.cpp, line 1275]
Event: 1.500 Thread 0x00000000201fd000 Exception <a 'java/security/PrivilegedActionException'> (0x000000076d4c3a30) thrown at [D:\re\workspace\8-2-build-windows-amd64-cygwin\jdk8u20\1074\hotspot\src\share\vm\prims\jvm.cpp, line 1275]
Event: 1.564 Thread 0x00000000201fd000 Exception <a 'java/security/PrivilegedActionException'> (0x000000076dee5af0) thrown at [D:\re\workspace\8-2-build-windows-amd64-cygwin\jdk8u20\1074\hotspot\src\share\vm\prims\jvm.cpp, line 1275]
Event: 1.567 Thread 0x00000000201fd000 Exception <a 'java/security/PrivilegedActionException'> (0x000000076deed690) thrown at [D:\re\workspace\8-2-build-windows-amd64-cygwin\jdk8u20\1074\hotspot\src\share\vm\prims\jvm.cpp, line 1275]
Event: 1.568 Thread 0x00000000201fd000 Exception <a 'java/security/PrivilegedActionException'> (0x000000076def0670) thrown at [D:\re\workspace\8-2-build-windows-amd64-cygwin\jdk8u20\1074\hotspot\src\share\vm\prims\jvm.cpp, line 1275]
Event: 1.568 Thread 0x00000000201fd000 Exception <a 'java/security/PrivilegedActionException'> (0x000000076def2870) thrown at [D:\re\workspace\8-2-build-windows-amd64-cygwin\jdk8u20\1074\hotspot\src\share\vm\prims\jvm.cpp, line 1275]

Events (10 events):
Event: 43.274 Executing VM operation: GetCurrentLocation
Event: 43.274 Executing VM operation: GetCurrentLocation done
Event: 43.274 Executing VM operation: EnterInterpOnlyMode
Event: 43.274 Executing VM operation: EnterInterpOnlyMode done
Event: 43.274 Executing VM operation: ChangeSingleStep
Event: 43.274 Executing VM operation: ChangeSingleStep done
Event: 43.274 Executing VM operation: ChangeSingleStep
Event: 43.274 Executing VM operation: ChangeSingleStep done
Event: 43.277 Executing VM operation: RedefineClasses
Event: 43.283 Executing VM operation: RedefineClasses done


Dynamic libraries:
0x000000013f330000 - 0x000000013f364000 	C:\Program Files\Java\jdk1.8.0_20\bin\javaw.exe
0x0000000077c70000 - 0x0000000077e19000 	C:\Windows\SYSTEM32\ntdll.dll
0x0000000077b50000 - 0x0000000077c6f000 	C:\Windows\system32\kernel32.dll
0x000007fefdd90000 - 0x000007fefddfc000 	C:\Windows\system32\KERNELBASE.dll
0x000007feff6a0000 - 0x000007feff77b000 	C:\Windows\system32\ADVAPI32.dll
0x000007fefdf30000 - 0x000007fefdfcf000 	C:\Windows\system32\msvcrt.dll
0x000007feffd80000 - 0x000007feffd9f000 	C:\Windows\SYSTEM32\sechost.dll
0x000007fefede0000 - 0x000007fefef0d000 	C:\Windows\system32\RPCRT4.dll
0x0000000077a50000 - 0x0000000077b4a000 	C:\Windows\system32\USER32.dll
0x000007fefff10000 - 0x000007fefff77000 	C:\Windows\system32\GDI32.dll
0x000007feff690000 - 0x000007feff69e000 	C:\Windows\system32\LPK.dll
0x000007fefeff0000 - 0x000007feff0b9000 	C:\Windows\system32\USP10.dll
0x000007fefc3a0000 - 0x000007fefc594000 	C:\Windows\WinSxS\amd64_microsoft.windows.common-controls_6595b64144ccf1df_6.0.7601.17514_none_fa396087175ac9ac\COMCTL32.dll
0x000007feff980000 - 0x000007feff9f1000 	C:\Windows\system32\SHLWAPI.dll
0x000007feffd50000 - 0x000007feffd7e000 	C:\Windows\system32\IMM32.DLL
0x000007feffda0000 - 0x000007feffea9000 	C:\Windows\system32\MSCTF.dll
0x000000005ea00000 - 0x000000005ead2000 	C:\Program Files\Java\jdk1.8.0_20\jre\bin\msvcr100.dll
0x0000000054940000 - 0x0000000055198000 	C:\Program Files\Java\jdk1.8.0_20\jre\bin\server\jvm.dll
0x000007fef49c0000 - 0x000007fef49c9000 	C:\Windows\system32\WSOCK32.dll
0x000007fefdee0000 - 0x000007fefdf2d000 	C:\Windows\system32\WS2_32.dll
0x000007feff440000 - 0x000007feff448000 	C:\Windows\system32\NSI.dll
0x000007fef9ca0000 - 0x000007fef9cdb000 	C:\Windows\system32\WINMM.dll
0x0000000077e40000 - 0x0000000077e47000 	C:\Windows\system32\PSAPI.DLL
0x0000000074450000 - 0x000000007445f000 	C:\Program Files\Java\jdk1.8.0_20\jre\bin\verify.dll
0x0000000063c20000 - 0x0000000063c48000 	C:\Program Files\Java\jdk1.8.0_20\jre\bin\java.dll
0x0000000063d50000 - 0x0000000063d85000 	C:\Program Files\Java\jdk1.8.0_20\jre\bin\jdwp.dll
0x0000000073100000 - 0x0000000073108000 	C:\Program Files\Java\jdk1.8.0_20\jre\bin\npt.dll
0x0000000068730000 - 0x0000000068746000 	C:\Program Files\Java\jdk1.8.0_20\jre\bin\zip.dll
0x000007fefe050000 - 0x000007fefedd8000 	C:\Windows\system32\SHELL32.dll
0x000007feff0c0000 - 0x000007feff2c3000 	C:\Windows\system32\ole32.dll
0x000007fefda90000 - 0x000007fefda9f000 	C:\Windows\system32\profapi.dll
0x0000000072010000 - 0x0000000072019000 	C:\Program Files\Java\jdk1.8.0_20\jre\bin\dt_socket.dll
0x000007fefa4e0000 - 0x000007fefa4f5000 	C:\Windows\system32\NLAapi.dll
0x000007fef4a10000 - 0x000007fef4a25000 	C:\Windows\system32\napinsp.dll
0x000007fef49f0000 - 0x000007fef4a09000 	C:\Windows\system32\pnrpnsp.dll
0x000007fefd1e0000 - 0x000007fefd235000 	C:\Windows\System32\mswsock.dll
0x000007fefd020000 - 0x000007fefd07b000 	C:\Windows\system32\DNSAPI.dll
0x000007fef49e0000 - 0x000007fef49eb000 	C:\Windows\System32\winrnr.dll
0x0000000072a20000 - 0x0000000072a4e000 	C:\Program Files\Common Files\Microsoft Shared\Windows Live\WLIDNSP.DLL
0x000007fefa240000 - 0x000007fefa267000 	C:\Windows\system32\IPHLPAPI.DLL
0x000007fefa230000 - 0x000007fefa23b000 	C:\Windows\system32\WINNSI.DLL
0x000007fef9740000 - 0x000007fef9793000 	C:\Windows\System32\fwpuclnt.dll
0x000007fef7300000 - 0x000007fef7308000 	C:\Windows\system32\rasadhlp.dll
0x000007fefcd90000 - 0x000007fefcd97000 	C:\Windows\System32\wshtcpip.dll
0x000000005e860000 - 0x000000005e9f8000 	C:\Program Files\Java\jdk1.8.0_20\jre\bin\awt.dll
0x000007fefef10000 - 0x000007fefefe7000 	C:\Windows\system32\OLEAUT32.dll
0x000007fefd470000 - 0x000007fefd487000 	C:\Windows\system32\CRYPTSP.dll
0x000007fefcf70000 - 0x000007fefcfb7000 	C:\Windows\system32\rsaenh.dll
0x000007fefdad0000 - 0x000007fefdaee000 	C:\Windows\system32\USERENV.dll
0x000007fefd920000 - 0x000007fefd92f000 	C:\Windows\system32\CRYPTBASE.dll
0x0000000063c00000 - 0x0000000063c1a000 	C:\Program Files\Java\jdk1.8.0_20\jre\bin\net.dll
0x000007fefd270000 - 0x000007fefd277000 	C:\Windows\System32\wship6.dll
0x000007fef9710000 - 0x000007fef9721000 	C:\Windows\system32\dhcpcsvc6.DLL
0x000007fef9690000 - 0x000007fef96a8000 	C:\Windows\system32\dhcpcsvc.DLL
0x0000000063270000 - 0x0000000063281000 	C:\Program Files\Java\jdk1.8.0_20\jre\bin\nio.dll
0x00000000637c0000 - 0x00000000637ca000 	C:\Users\Otscho\AppData\Local\Temp\jogamp_0000\file_cache\jln134261551120726653\jln6581999854654724756\gluegen-rt.dll
0x000007fefc1c0000 - 0x000007fefc216000 	C:\Windows\system32\uxtheme.dll
0x000007fefbd90000 - 0x000007fefbda8000 	C:\Windows\system32\dwmapi.dll
0x0000000071870000 - 0x0000000071877000 	C:\Program Files\Java\jdk1.8.0_20\jre\bin\jawt.dll
0x000000006a440000 - 0x000000006a44a000 	C:\Users\Otscho\AppData\Local\Temp\jogamp_0000\file_cache\jln134261551120726653\jln6581999854654724756\nativewindow_awt.dll
0x000007fef89b0000 - 0x000007fef8baf000 	C:\Windows\system32\d3d9.dll
0x000007fefcb50000 - 0x000007fefcb5c000 	C:\Windows\system32\VERSION.dll
0x000007fef89a0000 - 0x000007fef89a7000 	C:\Windows\system32\d3d8thk.dll
0x000007fee5600000 - 0x000007fee68fc000 	C:\Windows\system32\nvd3dumx.dll
0x0000000180000000 - 0x00000001802b1000 	C:\Windows\system32\nvspcap64.dll
0x000007fef9960000 - 0x000007fef9c99000 	C:\Windows\system32\nvapi64.dll
0x000007feff780000 - 0x000007feff957000 	C:\Windows\system32\SETUPAPI.dll
0x000007fefdd30000 - 0x000007fefdd66000 	C:\Windows\system32\CFGMGR32.dll
0x000007fefdab0000 - 0x000007fefdaca000 	C:\Windows\system32\DEVOBJ.dll
0x000007fefbd20000 - 0x000007fefbd4c000 	C:\Windows\system32\powrprof.dll
0x000000006c100000 - 0x000000006c10b000 	C:\Users\Otscho\AppData\Local\Temp\jogamp_0000\file_cache\jln134261551120726653\jln6581999854654724756\nativewindow_win32.dll
0x000007feef5f0000 - 0x000007feef70d000 	C:\Windows\system32\OpenGL32.dll
0x000007fef5750000 - 0x000007fef577d000 	C:\Windows\system32\GLU32.dll
0x000007feed810000 - 0x000007feed901000 	C:\Windows\system32\DDRAW.dll
0x000007fefb1f0000 - 0x000007fefb1f8000 	C:\Windows\system32\DCIMAN32.dll
0x0000000064500000 - 0x0000000064599000 	C:\Users\Otscho\AppData\Local\Temp\jogamp_0000\file_cache\jln134261551120726653\jln6581999854654724756\jogl_desktop.dll
0x000000002d2a0000 - 0x000000002f142000 	C:\Windows\system32\nvoglv64.DLL
0x000007fefccd0000 - 0x000007fefcce1000 	C:\Windows\system32\WTSAPI32.dll
0x000007fefde00000 - 0x000007fefde3a000 	C:\Windows\system32\WINTRUST.dll
0x000007fefdb90000 - 0x000007fefdcfc000 	C:\Windows\system32\CRYPT32.dll
0x000007fefda80000 - 0x000007fefda8f000 	C:\Windows\system32\MSASN1.dll
0x000007fefc5a0000 - 0x000007fefc5cd000 	C:\Windows\system32\ntmarta.dll
0x000007feffeb0000 - 0x000007fefff02000 	C:\Windows\system32\WLDAP32.dll
0x000007fefd8e0000 - 0x000007fefd91d000 	C:\Windows\system32\WINSTA.dll
0x00000000600b0000 - 0x00000000600f7000 	C:\Program Files\Java\jdk1.8.0_20\jre\bin\fontmanager.dll
0x0000000060070000 - 0x00000000600a1000 	C:\Program Files\Java\jdk1.8.0_20\jre\bin\jpeg.dll
0x000007feef380000 - 0x000007feef4a5000 	C:\Windows\system32\dbghelp.dll

VM Arguments:
jvm_args: -agentlib:jdwp=transport=dt_socket,suspend=y,address=localhost:27625 -Dfile.encoding=UTF-8 
java_command: simple.Simple
java_class_path (initial): C:\dev\git\computer-graphics\simple\target\classes;C:\dev\eclipse\plugins\org.junit_4.11.0.v201303080030\junit.jar;C:\dev\eclipse\plugins\org.hamcrest.core_1.3.0.v201303031735.jar;C:\dev\git\computer-graphics\jrtr\target\classes;C:\Users\Otscho\.m2\repository\java3d\vecmath\1.3.1\vecmath-1.3.1.jar;C:\Users\Otscho\.m2\repository\org\jogamp\jogl\jogl-all-main\2.0.2\jogl-all-main-2.0.2.jar;C:\Users\Otscho\.m2\repository\org\jogamp\jogl\jogl-all\2.0.2\jogl-all-2.0.2.jar;C:\Users\Otscho\.m2\repository\org\jogamp\jogl\jogl-all\2.0.2\jogl-all-2.0.2-natives-android-armv6.jar;C:\Users\Otscho\.m2\repository\org\jogamp\jogl\jogl-all\2.0.2\jogl-all-2.0.2-natives-linux-amd64.jar;C:\Users\Otscho\.m2\repository\org\jogamp\jogl\jogl-all\2.0.2\jogl-all-2.0.2-natives-linux-armv6.jar;C:\Users\Otscho\.m2\repository\org\jogamp\jogl\jogl-all\2.0.2\jogl-all-2.0.2-natives-linux-armv6hf.jar;C:\Users\Otscho\.m2\repository\org\jogamp\jogl\jogl-all\2.0.2\jogl-all-2.0.2-natives-linux-i586.jar;C:\Users\Otscho\.m2\repository\org\jogamp\jogl\jogl-all\2.0.2\jogl-all-2.0.2-natives-macosx-universal.jar;C:\Users\Otscho\.m2\repository\org\jogamp\jogl\jogl-all\2.0.2\jogl-all-2.0.2-natives-solaris-amd64.jar;C:\Users\Otscho\.m2\repository\org\jogamp\jogl\jogl-all\2.0.2\jogl-all-2.0.2-natives-solaris-i586.jar;C:\Users\Otscho\.m2\repository\org\jogamp\jogl\jogl-all\2.0.2\jogl-all-2.0.2-natives-windows-amd64.jar;C:\Users\Otscho\.m2\repository\org\jogamp\jogl\jogl-all\2.0.2\jogl-all-2.0.2-natives-windows-i586.jar;C:\Users\Otscho\.m2\repository\org\jogamp\gluegen\gluegen-rt-main\2.0.2\gluegen-rt-main-2.0.2.jar;C:\Users\Otscho\.m2\repository\org\jogamp\gluegen\gluegen-rt\2.0.2\gluegen-rt-2.0.2.jar;C:\Users\Otscho\.m2\repository\org\jogamp\gluegen\gluegen-rt\2.0.2\gluegen-rt-2.0.2-natives-android-armv6.jar;C:\Users\Otscho\.m2\repository\org\jogamp\gluegen\gluegen-rt\2.0.2\gluegen-rt-2.0.2-natives-linux-amd64.jar;C:\Users\Otscho\.m2\repository\org\jogamp\gluegen\gluegen-rt\2.0.2\glueg
Launcher Type: SUN_STANDARD

Environment Variables:
JAVA_HOME=C:\Program Files\Java\jdk1.8.0_20
PATH=C:\Program Files\Java\jdk1.8.0_20\jre\bin;C:/Program Files/Java/jre1.8.0_20/bin/server;C:/Program Files/Java/jre1.8.0_20/bin;C:/Program Files/Java/jre1.8.0_20/lib/amd64;C:\Program Files (x86)\NVIDIA Corporation\PhysX\Common;C:\ProgramData\Oracle\Java\javapath;c:\cygwin\bin;C:\Program Files\Common Files\Microsoft Shared\Windows Live;C:\Program Files (x86)\AMD APP\bin\x86_64;C:\Program Files (x86)\AMD APP\bin\x86;C:\Windows\system32;C:\Windows;C:\Windows\System32\Wbem;C:\Windows\System32\WindowsPowerShell\v1.0\;C:\Program Files (x86)\ATI Technologies\ATI.ACE\Core-Static;C:\Program Files\Java\jdk1.8.0_20\bin;C:\Program Files (x86)\MKVToolNix;C:\dev\gwt-2.4.0;C:\dev\maven\apache-maven-3.0.3\bin;C:\Program Files (x86)\scala\bin;C:\Program Files (x86)\Android\android-sdk;C:\Program Files (x86)\Android\android-sdk\tools;C:\Program Files (x86)\Android\android-sdk\platform-tools;C:\Program Files\MiKTeX 2.9\miktex\bin\x64\;C:\Program Files (x86)\Graphviz 2.28\bin;C:\Program Files\TortoiseGit\bin;C:\dev\ant\apache-ant-1.9.2\bin;F:\Matlab\runtime\win64;F:\Matlab\bin;C:\dev\Python27\Lib\site-packages\PyQt4;C:\dev\Python27;C:\altera\13.1\nios2eds\bin\gnu\H-i686-mingw32\bin;C:\Program Files (x86)\sbt\;C:\Program Files\Common Files\Microsoft Shared\Windows Live;C:\Program Files (x86)\Nmap;C:\dev\eclipse;
USERNAME=Otscho
OS=Windows_NT
PROCESSOR_IDENTIFIER=Intel64 Family 6 Model 42 Stepping 7, GenuineIntel



---------------  S Y S T E M  ---------------

OS: Windows 7 , 64 bit Build 7601 Service Pack 1

CPU:total 8 (4 cores per cpu, 2 threads per core) family 6 model 42 stepping 7, cmov, cx8, fxsr, mmx, sse, sse2, sse3, ssse3, sse4.1, sse4.2, popcnt, avx, aes, clmul, ht, tsc, tscinvbit

Memory: 4k page, physical 16758008k(10050184k free), swap 17575344k(10011116k free)

vm_info: Java HotSpot(TM) 64-Bit Server VM (25.20-b23) for windows-amd64 JRE (1.8.0_20-b26), built on Jul 30 2014 13:51:23 by "java_re" with MS VC++ 10.0 (VS2010)

time: Wed Oct 01 19:29:48 2014
elapsed time: 43 seconds (0d 0h 0m 43s)

